**** BEGIN LOGGING AT Fri May 02 21:34:08 2014

May 02 21:34:08 *	Now talking on #Horseplay
May 02 21:34:08 *	Topic for #Horseplay is: His Imperial Majesty declares horse porn hot as fuck. Carry on.
May 02 21:34:08 *	Topic for #Horseplay set by kwulhu at Thu May 01 18:21:53 2014
May 02 21:34:08 -NickServ-	Welcome to DMZIRC, Jimm! Here on DMZIRC, we provide services to enable the registration of nicknames and channels! For details, type /msg NickServ help and /msg ChanServ help.
May 02 21:34:13 <TheGreatJeepsby>	measure the barrel
**** ENDING LOGGING AT Fri May 02 21:34:22 2014

**** BEGIN LOGGING AT Fri May 02 21:34:33 2014

May 02 21:34:33 *	Now talking on #Horseplay
May 02 21:34:33 *	Topic for #Horseplay is: His Imperial Majesty declares horse porn hot as fuck. Carry on.
May 02 21:34:33 *	Topic for #Horseplay set by kwulhu at Thu May 01 18:21:53 2014
May 02 21:34:33 -NickServ-	Welcome to DMZIRC, Jimm! Here on DMZIRC, we provide services to enable the registration of nicknames and channels! For details, type /msg NickServ help and /msg ChanServ help.
May 02 21:34:34 <TheGreatJeepsby>	please
May 02 21:34:35 <Domino>	Let me find the measuring tape
**** BEGIN LOGGING AT Sat May 03 14:13:10 2014

May 03 14:13:10 *	Now talking on #Horseplay
May 03 14:13:10 *	Topic for #Horseplay is: His Imperial Majesty declares horse porn hot as fuck. Carry on.
May 03 14:13:10 *	Topic for #Horseplay set by kwulhu at Thu May 01 18:21:53 2014
May 03 14:13:10 -NickServ-	Welcome to DMZIRC, Jimm! Here on DMZIRC, we provide services to enable the registration of nicknames and channels! For details, type /msg NickServ help and /msg ChanServ help.
**** ENDING LOGGING AT Sat May 03 14:13:43 2014

**** BEGIN LOGGING AT Sat May 03 14:20:13 2014

May 03 14:20:13 *	Now talking on #Horseplay
May 03 14:20:13 *	Topic for #Horseplay is: His Imperial Majesty declares horse porn hot as fuck. Carry on.
May 03 14:20:13 *	Topic for #Horseplay set by kwulhu at Thu May 01 18:21:53 2014
May 03 14:20:13 -NickServ-	Welcome to DMZIRC, Jimm! Here on DMZIRC, we provide services to enable the registration of nicknames and channels! For details, type /msg NickServ help and /msg ChanServ help.
**** ENDING LOGGING AT Sat May 03 14:20:19 2014

**** BEGIN LOGGING AT Mon May 05 08:05:36 2014

May 05 08:05:36 *	Now talking on #Horseplay
May 05 08:05:36 *	Topic for #Horseplay is: His Imperial Majesty declares horse porn hot as fuck. Carry on.
May 05 08:05:36 *	Topic for #Horseplay set by kwulhu at Thu May 01 18:21:53 2014
May 05 08:05:36 -NickServ-	Welcome to DMZIRC, Jimm! Here on DMZIRC, we provide services to enable the registration of nicknames and channels! For details, type /msg NickServ help and /msg ChanServ help.
May 05 08:06:16 *	Disconnected ().
**** ENDING LOGGING AT Mon May 05 08:06:16 2014

