**** BEGIN LOGGING AT Tue Mar 25 02:49:08 2014

Mar 25 02:49:08 *	Now talking on #CommonGround
Mar 25 02:49:08 *	Topic for #CommonGround is: Common Ground: The goal is in the name! AND NO DRAMA
Mar 25 02:49:08 *	Topic for #CommonGround set by loldox!x@adery-2pd.pgm.256tim.IP (Mon Mar 24 14:23:37 2014)
Mar 25 02:50:17 <CG>	<theclinger> Whoo!
Mar 25 02:50:33 <Echo>	what even is this?
Mar 25 02:50:47 <CG>	<theclinger> Ask Soci.
Mar 25 02:54:06 <CG>	<loldox> hi
Mar 25 02:54:20 <Echo>	what is this?
Mar 25 02:54:34 <CG>	<loldox> come on bro, "Common Ground"
Mar 25 02:54:49 <CG>	<loldox> tl;dr its... well... common ground
Mar 25 02:55:02 <CG>	<loldox> irc bridge for jus this channel
Mar 25 02:56:27 *	loldox (x@adery-2pd.pgm.256tim.IP) has joined
Mar 25 02:56:54 *	loldox is now known as Pony46620
Mar 25 03:00:38 *	theclinger (thecling@adery-474.hdb.7ecogf.IP) has joined
Mar 25 03:00:46 *	Pony46620 has quit (Quit: eep)
Mar 25 03:00:56 *	loldox (x@adery-2pd.pgm.256tim.IP) has joined
Mar 25 03:00:56 *	PonyServ gives channel operator status to loldox
Mar 25 03:01:04 *	theclinger is now known as Pony31657
Mar 25 03:01:39 *	Pony31657 is now known as theclinger
Mar 25 03:01:45 *	loldox has changed the topic to: CommonGround: The goal is in the name! | Currently linking to: irc.dmzirc.net/#CommonGround
Mar 25 03:04:45 *	loldox has quit (Quit: eep)
Mar 25 03:09:15 <CG>	<theclinger> I made a pretty good BLT today.
Mar 25 03:12:06 <CG>	<loldox> tfw
Mar 25 03:12:21 <CG>	<loldox> i am rly hungry tho
Mar 25 03:13:27 <CG>	<theclinger> There are some complex sandwiches that may be better, but it's harder to get better than a nice BLT.
**** ENDING LOGGING AT Tue Mar 25 03:53:56 2014

