**** BEGIN LOGGING AT Fri Feb 21 23:33:43 2014

Feb 21 23:33:43 *	Now talking on #BackRoomFun
Feb 21 23:33:50 <Echo>	what are we going to do in this channel
Feb 21 23:33:56 <Echo>	*pomf*
Feb 21 23:34:53 *	Element pounces on Echo 
Feb 21 23:34:59 <Echo>	ack!
Feb 21 23:35:00 <Element>	We're doing whatever we want~
Feb 21 23:35:05 <Echo>	the pouncing
Feb 21 23:35:20 <Echo>	let's do this http://i.imgur.com/3s9RtHc.gif
Feb 21 23:35:24 <Element>	Yeah, pouncing is part of it
Feb 21 23:35:41 <Element>	Hehe, I can dig it
Feb 21 23:36:15 <Element>	As long as it leads to something like this https://derpicdn.net/img/view/2014/1/10/520335__twilight+sparkle_explicit_nudity_blushing_penis_straight_cum_balls_shining+armor_blowjob.png
Feb 21 23:36:17 <Echo>	srsly tho bat wings = sexi
Feb 21 23:36:37 <Echo>	I dunno I don't think we can do the incest thing
Feb 21 23:36:40 <Element>	Oh yes, agree
Feb 21 23:36:56 <Element>	Eh, just recolor Shining. 
Feb 21 23:37:00 <Element>	It'll be fine
Feb 21 23:37:19 <Echo>	turn him red and toss an apple on his flank
Feb 21 23:37:20 <Echo>	boom
Feb 21 23:37:24 <Echo>	instant big mac
Feb 21 23:37:32 <Element>	See? We got this!
Feb 21 23:37:46 <Element>	Also we should invite Flutters
Feb 21 23:38:11 <Echo>	do it
Feb 21 23:38:17 *	#BackRoomFun :You must be a channel half-operator
Feb 21 23:38:18 *	Flutterbat (maku@ci-69m.974.p9sfce.IP) has joined
Feb 21 23:38:31 <Echo>	weee!
Feb 21 23:38:31 <Element>	Boom. My two favorite people!
Feb 21 23:39:14 *	Element kisses both of you <3
Feb 21 23:39:22 <Flutterbat>	daw
Feb 21 23:39:31 *	Echo touches elements butt
Feb 21 23:39:59 *	Element smacks Note's butt
Feb 21 23:40:08 <Echo>	eek
Feb 21 23:40:22 *	celestia.irc.comeinside.org sets mode +o on Echo
Feb 21 23:41:07 *	Element noms on Flutter's butt
Feb 21 23:43:51 *	BP (BP@ci-brg.fc4.ojrkp3.IP) has joined
Feb 21 23:43:55 <Echo>	shhh
Feb 21 23:44:14 *	Flutterbat rubs Element's butt.
Feb 21 23:44:33 <Element>	Sexi butt time is the best
Feb 21 23:44:41 *	Echo joins in the secret butt fun
Feb 21 23:46:03 <Element>	So Note, you should totally do an RP with me. Or us, if Flutters is down <3
Feb 21 23:46:37 <Echo>	well see I'm interested
Feb 21 23:46:46 <Echo>	But I have no idea what that means
Feb 21 23:47:05 <Echo>	or rather what it would entail
Feb 21 23:47:58 <Element>	Ever been to /r/ClopRP?
Feb 21 23:47:58 <BP>	http://reddit.com/r/ClopRP
Feb 21 23:48:45 <Echo>	no!
Feb 21 23:48:46 <Element>	Like that, except...I dare consider myself just a bit above their par 
Feb 21 23:49:10 <Element>	No as in you haven't been there, or no as in you aren't interested?
Feb 21 23:49:30 <Element>	Or both?
Feb 21 23:50:16 <Echo>	never been
Feb 21 23:50:29 <Echo>	>anthro
Feb 21 23:50:33 <Echo>	place be full of plebs
Feb 21 23:50:45 <Flutterbat>	;_;
Feb 21 23:50:53 *	Echo snuggles into flutterbat
Feb 21 23:51:09 *	Flutterbat nibbles on Echo's ear
Feb 21 23:51:24 <Echo>	how is this not clearly better than anthro? http://stradivariusclop.tumblr.com/post/77055403654/another-wild-slowpoke-appears-so-here-they-are
Feb 21 23:51:32 <Echo>	I mean look at how sexi it is
Feb 21 23:51:38 <Echo>	actually element you might like that
Feb 21 23:51:42 <Echo>	since you like purplesmart
Feb 21 23:53:09 <Element>	Crotchboobs still weird me out a bit
Feb 21 23:53:37 <Element>	And yeah, ClopRP kinda sucks, hence I never go there
Feb 21 23:53:54 <Echo>	>not being a mod in /r/crotchtits
Feb 21 23:53:54 <BP>	http://reddit.com/r/crotchtits
Feb 21 23:53:59 <Element>	But I like to do R34 RPs, and finding people for it can be difficult
Feb 21 23:54:09 <Echo>	here I was thinking everyone was
Feb 21 23:54:17 <Echo>	what's your reddit name again?
Feb 21 23:55:04 <Echo>	there we go
Feb 21 23:55:13 <Echo>	I invited you to mod /r/crotchtits with us
Feb 21 23:55:13 <BP>	http://reddit.com/r/crotchtits
Feb 21 23:55:36 <Flutterbat>	Pff crotchtits are awesome
Feb 21 23:57:07 *	Element sighs
Feb 21 23:57:09 <Element>	Alright
Feb 21 23:57:28 <Echo>	You gotsa mod it
Feb 21 23:57:31 <Echo>	everybody's a mod there
Feb 21 23:58:51 <Element>	I'll check it out tomorrow morning
Feb 21 23:59:12 <Element>	I must get some rest, I have to get up for tournament tomorrow
Feb 21 23:59:31 *	Element snuggles and kisses Note and Flutters <3
Feb 21 23:59:43 *	Echo nuzzles back
Feb 21 23:59:55 <Echo>	have fun at the tournament!
Feb 21 23:59:59 *	Flutterbat hugs Element and nibbles on his ear before he leaves.
Feb 22 00:00:01 <Echo>	kick their faces in with dk
Feb 22 00:00:02 <Flutterbat>	^
Feb 22 00:00:05 <Echo>	who is clearly the best
Feb 22 00:00:10 <Element>	Gnight yall! Thanks! <3
Feb 22 00:00:28 <Flutterbat>	Gnighty
Feb 22 00:00:34 <Echo>	helix be with you
**** ENDING LOGGING AT Sat Feb 22 02:53:18 2014

